This is pdfTeX, Version 3.141592653-2.6-1.40.25 (TeX Live 2023/Debian) (preloaded format=pdflatex 2025.8.30)  19 JUN 2026 17:41
entering extended mode
 restricted \write18 enabled.
 file:line:error style messages enabled.
 %&-line parsing enabled.
**/home/ismail/Desktop/portfolio/phd_scanner/22_Inria_PhD_Position_FM_PhD_-_Building_a_foundational_mode/motivation_letter.tex
(/home/ismail/Desktop/portfolio/phd_scanner/22_Inria_PhD_Position_FM_PhD_-_Building_a_foundational_mode/motivation_letter.tex
LaTeX2e <2023-11-01> patch level 1
L3 programming layer <2024-01-22>

/home/ismail/Desktop/portfolio/phd_scanner/22_Inria_PhD_Position_FM_PhD_-_Building_a_foundational_mode/motivation_letter.tex:1: LaTeX Error: Missing \begin{document}.

See the LaTeX manual or LaTeX Companion for explanation.
Type  H <return>  for immediate help.
 ...                                              
                                                  
l.1 H
     ere is the motivation letter in LaTeX format:
You're in trouble here.  Try typing  <return>  to proceed.
If that doesn't work, type  X <return>  to quit.

Missing character: There is no H in font nullfont!
Missing character: There is no e in font nullfont!
Missing character: There is no r in font nullfont!
Missing character: There is no e in font nullfont!
Missing character: There is no i in font nullfont!
Missing character: There is no s in font nullfont!
Missing character: There is no t in font nullfont!
Missing character: There is no h in font nullfont!
Missing character: There is no e in font nullfont!
Missing character: There is no m in font nullfont!
Missing character: There is no o in font nullfont!
Missing character: There is no t in font nullfont!
Missing character: There is no i in font nullfont!
Missing character: There is no v in font nullfont!
Missing character: There is no a in font nullfont!
Missing character: There is no t in font nullfont!
Missing character: There is no i in font nullfont!
Missing character: There is no o in font nullfont!
Missing character: There is no n in font nullfont!
Missing character: There is no l in font nullfont!
Missing character: There is no e in font nullfont!
Missing character: There is no t in font nullfont!
Missing character: There is no t in font nullfont!
Missing character: There is no e in font nullfont!
Missing character: There is no r in font nullfont!
Missing character: There is no i in font nullfont!
Missing character: There is no n in font nullfont!
Missing character: There is no L in font nullfont!
Missing character: There is no a in font nullfont!
Missing character: There is no T in font nullfont!
Missing character: There is no e in font nullfont!
Missing character: There is no X in font nullfont!
Missing character: There is no f in font nullfont!
Missing character: There is no o in font nullfont!
Missing character: There is no r in font nullfont!
Missing character: There is no m in font nullfont!
Missing character: There is no a in font nullfont!
Missing character: There is no t in font nullfont!
Missing character: There is no : in font nullfont!

Overfull \hbox (20.0pt too wide) in paragraph at lines 1--2
[]
 []

(/usr/share/texlive/texmf-dist/tex/latex/base/letter.cls
Document Class: letter 2021/12/07 v1.3c Standard LaTeX document class
(/usr/share/texlive/texmf-dist/tex/latex/base/size12.clo
File: size12.clo 2023/05/17 v1.4n Standard LaTeX file (size option)
)
\longindentation=\dimen140
\indentedwidth=\dimen141
\labelcount=\count187
 [1{/var/lib/texmf/fonts/map/pdftex/updmap/pdftex.map}])

/home/ismail/Desktop/portfolio/phd_scanner/22_Inria_PhD_Position_FM_PhD_-_Building_a_foundational_mode/motivation_letter.tex:6: LaTeX Error: Missing \begin{document}.

See the LaTeX manual or LaTeX Companion for explanation.
Type  H <return>  for immediate help.
 ...                                              
                                                  
l.6 {\textit{Ismail Aissaoui}
                             }
You're in trouble here.  Try typing  <return>  to proceed.
If that doesn't work, type  X <return>  to quit.

/home/ismail/Desktop/portfolio/phd_scanner/22_Inria_PhD_Position_FM_PhD_-_Building_a_foundational_mode/motivation_letter.tex:7: Misplaced alignment tab character &.
<argument> AI &
                Data Science Engineer
l.7 {\textit{AI & Data Science Engineer}
                                        }
I can't figure out why you would want to use a tab mark
here. If you just want an ampersand, the remedy is
simple: Just type `I\&' now. But if some right brace
up above has ended a previous alignment prematurely,
you're probably due for more error messages, and you
might try typing `S' now just to see what is salvageable.


/home/ismail/Desktop/portfolio/phd_scanner/22_Inria_PhD_Position_FM_PhD_-_Building_a_foundational_mode/motivation_letter.tex:10: LaTeX Error: Missing \begin{document}.

See the LaTeX manual or LaTeX Companion for explanation.
Type  H <return>  for immediate help.
 ...                                              
                                                  
l.10 \opening{}
               
You're in trouble here.  Try typing  <return>  to proceed.
If that doesn't work, type  X <return>  to quit.

LaTeX Font Info:    External font `cmex10' loaded for size
(Font)              <12> on input line 10.
LaTeX Font Info:    External font `cmex10' loaded for size
(Font)              <8> on input line 10.
LaTeX Font Info:    External font `cmex10' loaded for size
(Font)              <6> on input line 10.
/home/ismail/Desktop/portfolio/phd_scanner/22_Inria_PhD_Position_FM_PhD_-_Building_a_foundational_mode/motivation_letter.tex:10: Undefined control sequence.
\opening ...ace {2\parskip }{\raggedright \toname 
                                                  \expandafter \\\toaddress ...
l.10 \opening{}
               
The control sequence at the end of the top line
of your error message was never \def'ed. If you have
misspelled it (e.g., `\hobx'), type `I' and the correct
spelling (e.g., `I\hbox'). Otherwise just continue,
and I'll forget about whatever was undefined.

/home/ismail/Desktop/portfolio/phd_scanner/22_Inria_PhD_Position_FM_PhD_-_Building_a_foundational_mode/motivation_letter.tex:10: Undefined control sequence.
\opening ...ght \toname \expandafter \\\toaddress 
                                                  \par }\vspace {2\parskip }...
l.10 \opening{}
               
The control sequence at the end of the top line
of your error message was never \def'ed. If you have
misspelled it (e.g., `\hobx'), type `I' and the correct
spelling (e.g., `I\hbox'). Otherwise just continue,
and I'll forget about whatever was undefined.


/home/ismail/Desktop/portfolio/phd_scanner/22_Inria_PhD_Position_FM_PhD_-_Building_a_foundational_mode/motivation_letter.tex:10: LaTeX Error: There's no line here to end.

See the LaTeX manual or LaTeX Companion for explanation.
Type  H <return>  for immediate help.
 ...                                              
                                                  
l.10 \opening{}
               
Your command was ignored.
Type  I <command> <return>  to replace it with another command,
or  <return>  to continue without it.


/home/ismail/Desktop/portfolio/phd_scanner/22_Inria_PhD_Position_FM_PhD_-_Building_a_foundational_mode/motivation_letter.tex:12: LaTeX Error: Missing \begin{document}.

See the LaTeX manual or LaTeX Companion for explanation.
Type  H <return>  for immediate help.
 ...                                              
                                                  
l.12 D
      ear Emilie Chouzenoux,
You're in trouble here.  Try typing  <return>  to proceed.
If that doesn't work, type  X <return>  to quit.


/home/ismail/Desktop/portfolio/phd_scanner/22_Inria_PhD_Position_FM_PhD_-_Building_a_foundational_mode/motivation_letter.tex:14: LaTeX Error: Missing \begin{document}.

See the LaTeX manual or LaTeX Companion for explanation.
Type  H <return>  for immediate help.
 ...                                              
                                                  
l.14 I
       am writing to express my strong interest in the PhD position at Inria...
You're in trouble here.  Try typing  <return>  to proceed.
If that doesn't work, type  X <return>  to quit.


/home/ismail/Desktop/portfolio/phd_scanner/22_Inria_PhD_Position_FM_PhD_-_Building_a_foundational_mode/motivation_letter.tex:16: LaTeX Error: Missing \begin{document}.

See the LaTeX manual or LaTeX Companion for explanation.
Type  H <return>  for immediate help.
 ...                                              
                                                  
l.16 M
      y recent work on Medical_MambaTS, a linear-time state space model for ...
You're in trouble here.  Try typing  <return>  to proceed.
If that doesn't work, type  X <return>  to quit.

/home/ismail/Desktop/portfolio/phd_scanner/22_Inria_PhD_Position_FM_PhD_-_Building_a_foundational_mode/motivation_letter.tex:16: Missing $ inserted.
<inserted text> 
                $
l.16 My recent work on Medical_
                               MambaTS, a linear-time state space model for ...
I've inserted a begin-math/end-math symbol since I think
you left one out. Proceed, with fingers crossed.

/home/ismail/Desktop/portfolio/phd_scanner/22_Inria_PhD_Position_FM_PhD_-_Building_a_foundational_mode/motivation_letter.tex:17: Missing $ inserted.
<inserted text> 
                $
l.17 
     
I've inserted a begin-math/end-math symbol since I think
you left one out. Proceed, with fingers crossed.


Overfull \hbox (5.3174pt too wide) in paragraph at lines 16--17
[]\OT1/cmr/m/n/12 My re-cent work on Medical$[]\OML/cmm/m/it/12 ambaTS; alinear \OMS/cmsy/m/n/12 ^^@ \OML/cmm/m/it/12 timestatespacemodelforsub \OMS/cmsy/m/n/12 ^^@
 []


Overfull \hbox (122.59834pt too wide) in paragraph at lines 16--17
\OML/cmm/m/it/12 millisecondbedsideinference; hasallowedmetodevelopadeepunderstandingoftheimportanceoflow \OMS/cmsy/m/n/12 ^^@
 []


Overfull \hbox (35.82729pt too wide) in paragraph at lines 16--17
\OML/cmm/m/it/12 latencyprocessinginmedicalimaging:Inparticular; theabilitytoprocessdatainreal \OMS/cmsy/m/n/12 ^^@
 []


Overfull \hbox (552.6241pt too wide) in paragraph at lines 16--17
\OML/cmm/m/it/12 timeiscrucialinoncology; wheretimelydiagnosisandtreatmentarecriticalfactorsinpatientoutcomes:IbelievethatmyexperiencewithMedical[]ambaTScanbeleveragedtodevelopanopen \OMS/cmsy/m/n/12 ^^@
 []


Overfull \hbox (75.77596pt too wide) in paragraph at lines 16--17
\OML/cmm/m/it/12 sourcemodelforabdominal\OT1/cmr/m/n/12 3\OML/cmm/m/it/12 DCTimagingthatmeetsthehighstandardsrequiredinthisfield:$ 
 []


/home/ismail/Desktop/portfolio/phd_scanner/22_Inria_PhD_Position_FM_PhD_-_Building_a_foundational_mode/motivation_letter.tex:18: LaTeX Error: Missing \begin{document}.

See the LaTeX manual or LaTeX Companion for explanation.
Type  H <return>  for immediate help.
 ...                                              
                                                  
l.18 F
      urthermore, my work on PI_DeepONet, a 0D Windkessel Physics-Informed O...
You're in trouble here.  Try typing  <return>  to proceed.
If that doesn't work, type  X <return>  to quit.

/home/ismail/Desktop/portfolio/phd_scanner/22_Inria_PhD_Position_FM_PhD_-_Building_a_foundational_mode/motivation_letter.tex:18: Missing $ inserted.
<inserted text> 
                $
l.18 Furthermore, my work on PI_
                                DeepONet, a 0D Windkessel Physics-Informed O...
I've inserted a begin-math/end-math symbol since I think
you left one out. Proceed, with fingers crossed.

/home/ismail/Desktop/portfolio/phd_scanner/22_Inria_PhD_Position_FM_PhD_-_Building_a_foundational_mode/motivation_letter.tex:19: Missing $ inserted.
<inserted text> 
                $
l.19 
     
I've inserted a begin-math/end-math symbol since I think
you left one out. Proceed, with fingers crossed.


Overfull \hbox (1061.60054pt too wide) in paragraph at lines 18--19
[]\OT1/cmr/m/n/12 Furthermore, my work on PI$[]\OML/cmm/m/it/12 eepONet; a\OT1/cmr/m/n/12 0\OML/cmm/m/it/12 DWindkesselPhysics \OMS/cmsy/m/n/12 ^^@ \OML/cmm/m/it/12 InformedOperatorNetworkusingPyTorchAutograd; hasgivenmeastrongfoundationinphysicalconstraintsandtheirapplicationtomedicalimaging:Iamexcitedabouttheprospectofapplyingtheseskillstodevelopanopen \OMS/cmsy/m/n/12 ^^@
 []


Overfull \hbox (118.98032pt too wide) in paragraph at lines 18--19
\OML/cmm/m/it/12 sourcemodelforabdominalCTimagingthattakesintoaccountthecomplexphysicalprocessesinvolved:$ 
 []


/home/ismail/Desktop/portfolio/phd_scanner/22_Inria_PhD_Position_FM_PhD_-_Building_a_foundational_mode/motivation_letter.tex:20: LaTeX Error: Missing \begin{document}.

See the LaTeX manual or LaTeX Companion for explanation.
Type  H <return>  for immediate help.
 ...                                              
                                                  
l.20 I
       am confident that my expertise in AI and Data Science, combined with ...
You're in trouble here.  Try typing  <return>  to proceed.
If that doesn't work, type  X <return>  to quit.


/home/ismail/Desktop/portfolio/phd_scanner/22_Inria_PhD_Position_FM_PhD_-_Building_a_foundational_mode/motivation_letter.tex:22: LaTeX Error: Missing \begin{document}.

See the LaTeX manual or LaTeX Companion for explanation.
Type  H <return>  for immediate help.
 ...                                              
                                                  
l.22 S
      incerely,
You're in trouble here.  Try typing  <return>  to proceed.
If that doesn't work, type  X <return>  to quit.


/home/ismail/Desktop/portfolio/phd_scanner/22_Inria_PhD_Position_FM_PhD_-_Building_a_foundational_mode/motivation_letter.tex:24: LaTeX Error: Missing \begin{document}.

See the LaTeX manual or LaTeX Companion for explanation.
Type  H <return>  for immediate help.
 ...                                              
                                                  
l.24 {\textit{Ismail Aissaoui}
                              }
You're in trouble here.  Try typing  <return>  to proceed.
If that doesn't work, type  X <return>  to quit.


/home/ismail/Desktop/portfolio/phd_scanner/22_Inria_PhD_Position_FM_PhD_-_Building_a_foundational_mode/motivation_letter.tex:26: LaTeX Error: Missing \begin{document}.

See the LaTeX manual or LaTeX Companion for explanation.
Type  H <return>  for immediate help.
 ...                                              
                                                  
l.26 \closing{}
               
You're in trouble here.  Try typing  <return>  to proceed.
If that doesn't work, type  X <return>  to quit.


/home/ismail/Desktop/portfolio/phd_scanner/22_Inria_PhD_Position_FM_PhD_-_Building_a_foundational_mode/motivation_letter.tex:26: LaTeX Error: There's no line here to end.

See the LaTeX manual or LaTeX Companion for explanation.
Type  H <return>  for immediate help.
 ...                                              
                                                  
l.26 \closing{}
               
Your command was ignored.
Type  I <command> <return>  to replace it with another command,
or  <return>  to continue without it.

[2

]
\gdef \@abspage@last{2}
(./motivation_letter.aux)
 ***********
LaTeX2e <2023-11-01> patch level 1
L3 programming layer <2024-01-22>
 ***********
 ) 
Here is how much of TeX's memory you used:
 196 strings out of 474222
 2926 string characters out of 5748733
 1927975 words of memory out of 5000000
 22528 multiletter control sequences out of 15000+600000
 561152 words of font info for 46 fonts, out of 8000000 for 9000
 1141 hyphenation exceptions out of 8191
 39i,6n,38p,716b,118s stack positions out of 10000i,1000n,20000p,200000b,200000s
</usr/share/texlive/texmf-dist/fonts/type1/public/amsfonts/cm/cmmi12.pfb></usr/share/texlive/texmf-dist/fonts/type1/public/amsfonts/cm/cmmi8.pfb></usr/share/texlive/texmf-dist/fonts/type1/public/amsfonts/cm/cmr12.pfb></usr/share/texlive/texmf-dist/fonts/type1/public/amsfonts/cm/cmsy10.pfb></usr/share/texlive/texmf-dist/fonts/type1/public/amsfonts/cm/cmti12.pfb>
Output written on motivation_letter.pdf (2 pages, 63523 bytes).
PDF statistics:
 36 PDF objects out of 1000 (max. 8388607)
 21 compressed objects within 1 object stream
 0 named destinations out of 1000 (max. 500000)
 1 words of extra memory for PDF output out of 10000 (max. 10000000)

